/root/anaconda3/lib/python3.6/site-packages/gensim/models/phrases.py:316: UserWarning: For a faster implementation, use the gensim.models.phrases.Phraser class
  warnings.warn("For a faster implementation, use the gensim.models.phrases.Phraser class")

[93m    Warning: no model found for 'en'[0m

    Only loading the 'en' tokenizer.

Traceback (most recent call last):
  File "main.py", line 69, in <module>
    dictionary = filtrar_extremos(docs)
  File "main.py", line 48, in filtrar_extremos
    _ = dictionary[0]
  File "/root/anaconda3/lib/python3.6/site-packages/gensim/corpora/dictionary.py", line 65, in __getitem__
    return self.id2token[tokenid]  # will throw for non-existent ids
KeyError: 0
/root/anaconda3/lib/python3.6/site-packages/gensim/models/phrases.py:316: UserWarning: For a faster implementation, use the gensim.models.phrases.Phraser class
  warnings.warn("For a faster implementation, use the gensim.models.phrases.Phraser class")
# de autores: 3
# tokens unicos: 11954
# de documentos: 19513
**************************************************
Entrenand modelo
Traceback (most recent call last):
  File "main.py", line 105, in <module>
    f =  'modelo' + folder()
  File "main.py", line 60, in folder
    return str(max(i) + 1)
ValueError: max() arg is an empty sequence
